2018-10-10 00:15:34 DEBUG main LogfjTest - 调试信息
 2018-10-10 00:15:34 INFO main LogfjTest - 输出信息
 2018-10-10 00:15:34 WARN main LogfjTest - 警告信息
 2018-10-10 00:15:34 ERROR main LogfjTest - 错误信息
 2018-10-10 00:15:34 FATAL main LogfjTest - 致命信息
 2018-10-10 00:15:34 DEBUG main LogfjTest - 调试信息
 2018-10-10 00:15:34 INFO main LogfjTest - 输出信息
 2018-10-10 00:15:34 WARN main LogfjTest - 警告信息
 2018-10-10 00:15:34 ERROR main LogfjTest - 错误信息
 2018-10-10 00:15:34 FATAL main LogfjTest - 致命信息
 2018-10-10 00:15:34 DEBUG main LogfjTest - 调试信息
 2018-10-10 00:15:34 INFO main LogfjTest - 输出信息
 2018-10-10 00:15:34 WARN main LogfjTest - 警告信息
 2018-10-10 00:15:34 ERROR main LogfjTest - 错误信息
 2018-10-10 00:15:34 FATAL main LogfjTest - 致命信息
 2018-10-10 00:15:34 DEBUG main LogfjTest - 调试信息
 2018-10-10 00:15:34 INFO main LogfjTest - 输出信息
 2018-10-10 00:15:34 WARN main LogfjTest - 警告信息
 2018-10-10 00:15:34 ERROR main LogfjTest - 错误信息
 2018-10-10 00:15:34 FATAL main LogfjTest - 致命信息
 2018-10-10 00:15:34 DEBUG main LogfjTest - 调试信息
 2018-10-10 00:15:34 INFO main LogfjTest - 输出信息
 2018-10-10 00:15:34 WARN main LogfjTest - 警告信息
 2018-10-10 00:15:34 ERROR main LogfjTest - 错误信息
 2018-10-10 00:15:34 FATAL main LogfjTest - 致命信息
 2018-10-10 00:15:34 DEBUG main LogfjTest - 调试信息
 2018-10-10 00:15:34 INFO main LogfjTest - 输出信息
 2018-10-10 00:15:34 WARN main LogfjTest - 警告信息
 2018-10-10 00:15:34 ERROR main LogfjTest - 错误信息
 2018-10-10 00:15:34 FATAL main LogfjTest - 致命信息
 2018-10-10 00:15:34 DEBUG main LogfjTest - 调试信息
 2018-10-10 00:15:34 INFO main LogfjTest - 输出信息
 2018-10-10 00:15:34 WARN main LogfjTest - 警告信息
 2018-10-10 00:15:34 ERROR main LogfjTest - 错误信息
 2018-10-10 00:15:34 FATAL main LogfjTest - 致命信息
 2018-10-10 00:15:34 DEBUG main LogfjTest - 调试信息
 2018-10-10 00:15:34 INFO main LogfjTest - 输出信息
 2018-10-10 00:15:34 WARN main LogfjTest - 警告信息
 2018-10-10 00:15:34 ERROR main LogfjTest - 错误信息
 2018-10-10 00:15:34 FATAL main LogfjTest - 致命信息
 2018-10-10 00:15:34 DEBUG main LogfjTest - 调试信息
 2018-10-10 00:15:34 INFO main LogfjTest - 输出信息
 2018-10-10 00:15:34 WARN main LogfjTest - 警告信息
 2018-10-10 00:15:34 ERROR main LogfjTest - 错误信息
 2018-10-10 00:15:34 FATAL main LogfjTest - 致命信息
 2018-10-10 00:15:34 DEBUG main LogfjTest - 调试信息
 2018-10-10 00:15:34 INFO main LogfjTest - 输出信息
 2018-10-10 00:15:34 WARN main LogfjTest - 警告信息
 2018-10-10 00:15:34 ERROR main LogfjTest - 错误信息
 2018-10-10 00:15:34 FATAL main LogfjTest - 致命信息
 2018-10-10 00:16:09 DEBUG main LogfjTest - 调试信息
 2018-10-10 00:16:09 INFO main LogfjTest - 输出信息
 2018-10-10 00:16:09 WARN main LogfjTest - 警告信息
 2018-10-10 00:16:09 ERROR main LogfjTest - 错误信息
 2018-10-10 00:16:09 FATAL main LogfjTest - 致命信息
 2018-10-10 00:16:09 DEBUG main LogfjTest - 调试信息
 2018-10-10 00:16:09 INFO main LogfjTest - 输出信息
 2018-10-10 00:16:09 WARN main LogfjTest - 警告信息
 2018-10-10 00:16:09 ERROR main LogfjTest - 错误信息
 2018-10-10 00:16:09 FATAL main LogfjTest - 致命信息
 2018-10-10 00:16:09 DEBUG main LogfjTest - 调试信息
 2018-10-10 00:16:09 INFO main LogfjTest - 输出信息
 2018-10-10 00:16:09 WARN main LogfjTest - 警告信息
 2018-10-10 00:16:09 ERROR main LogfjTest - 错误信息
 2018-10-10 00:16:09 FATAL main LogfjTest - 致命信息
 2018-10-10 00:16:09 DEBUG main LogfjTest - 调试信息
 2018-10-10 00:16:09 INFO main LogfjTest - 输出信息
 2018-10-10 00:16:09 WARN main LogfjTest - 警告信息
 2018-10-10 00:16:09 ERROR main LogfjTest - 错误信息
 2018-10-10 00:16:09 FATAL main LogfjTest - 致命信息
 2018-10-10 00:16:09 DEBUG main LogfjTest - 调试信息
 2018-10-10 00:16:09 INFO main LogfjTest - 输出信息
 2018-10-10 00:16:09 WARN main LogfjTest - 警告信息
 2018-10-10 00:16:09 ERROR main LogfjTest - 错误信息
 2018-10-10 00:16:09 FATAL main LogfjTest - 致命信息
 2018-10-10 00:16:09 DEBUG main LogfjTest - 调试信息
 2018-10-10 00:16:09 INFO main LogfjTest - 输出信息
 2018-10-10 00:16:09 WARN main LogfjTest - 警告信息
 2018-10-10 00:16:09 ERROR main LogfjTest - 错误信息
 2018-10-10 00:16:09 FATAL main LogfjTest - 致命信息
 2018-10-10 00:16:09 DEBUG main LogfjTest - 调试信息
 2018-10-10 00:16:09 INFO main LogfjTest - 输出信息
 2018-10-10 00:16:09 WARN main LogfjTest - 警告信息
 2018-10-10 00:16:09 ERROR main LogfjTest - 错误信息
 2018-10-10 00:16:09 FATAL main LogfjTest - 致命信息
 2018-10-10 00:16:09 DEBUG main LogfjTest - 调试信息
 2018-10-10 00:16:09 INFO main LogfjTest - 输出信息
 2018-10-10 00:16:09 WARN main LogfjTest - 警告信息
 2018-10-10 00:16:09 ERROR main LogfjTest - 错误信息
 2018-10-10 00:16:09 FATAL main LogfjTest - 致命信息
 2018-10-10 00:16:09 DEBUG main LogfjTest - 调试信息
 2018-10-10 00:16:09 INFO main LogfjTest - 输出信息
 2018-10-10 00:16:09 WARN main LogfjTest - 警告信息
 2018-10-10 00:16:09 ERROR main LogfjTest - 错误信息
 2018-10-10 00:16:09 FATAL main LogfjTest - 致命信息
 2018-10-10 00:16:09 DEBUG main LogfjTest - 调试信息
 2018-10-10 00:16:09 INFO main LogfjTest - 输出信息
 2018-10-10 00:16:09 WARN main LogfjTest - 警告信息
 2018-10-10 00:16:09 ERROR main LogfjTest - 错误信息
 2018-10-10 00:16:09 FATAL main LogfjTest - 致命信息
 